<?xml version="1.0" encoding="UTF-8"?>
<!-- Generated by org.testng.reporters.JUnitXMLReporter -->
<testsuite ignored="5" hostname="ASEHGALVHQL18" failures="0" tests="1" name="Default test" time="22.931" errors="0" timestamp="2022-10-03T23:11:34 EDT">
  <testcase classname="com.firebase.test.tests.UserMenuDropDown" name="LoginTC10" time="14.601"/>
  <testcase classname="com.firebase.test.tests.UserMenuDropDown" name="LoginTC09" time="0.0">
    <ignored/>
  </testcase> <!-- LoginTC09 -->
  <testcase classname="com.firebase.test.tests.UserMenuDropDown" name="LoginTC05" time="0.0">
    <ignored/>
  </testcase> <!-- LoginTC05 -->
  <testcase classname="com.firebase.test.tests.UserMenuDropDown" name="LoginTC08" time="0.0">
    <ignored/>
  </testcase> <!-- LoginTC08 -->
  <testcase classname="com.firebase.test.tests.UserMenuDropDown" name="LoginTC06" time="0.0">
    <ignored/>
  </testcase> <!-- LoginTC06 -->
  <testcase classname="com.firebase.test.tests.UserMenuDropDown" name="LoginTC11" time="0.0">
    <ignored/>
  </testcase> <!-- LoginTC11 -->
</testsuite> <!-- Default test -->
